<?xml version="1.0" encoding="UTF-8"?>
<!-- Generated by org.testng.reporters.JUnitXMLReporter -->
<testsuite hostname="DESKTOP-SSDB8K5" ignored="1" name="Test" tests="4" failures="0" timestamp="17 May 2022 11:32:22 GMT" time="0.056" errors="0">
  <testcase name="tc0" time="0.01" classname="org.sampletest.DependsOnGroup"/>
  <testcase name="tc5" time="0.001" classname="org.sampletest.DependsOnGroup"/>
  <testcase name="tc1" time="0.002" classname="org.sampletest.DependsOnGroup"/>
  <testcase name="tc2" time="0.002" classname="org.sampletest.DependsOnGroup"/>
  <testcase name="tc3" time="0.0" classname="org.sampletest.DependsOnGroup">
    <ignored/>
  </testcase> <!-- tc3 -->
</testsuite> <!-- Test -->
