<?xml version="1.0" encoding="UTF-8"?>
<testng-results skipped="0" failed="0" ignored="0" total="10" passed="10">
  <reporter-output>
  </reporter-output>
  <suite name="Default suite" duration-ms="78" started-at="2022-05-19T09:33:30Z" finished-at="2022-05-19T09:33:30Z">
    <groups>
      <group name="@smoke">
        <method signature="DependsOnGroup.tc0()[pri:0, instance:org.sampletest.DependsOnGroup@3e6fa38a]" name="tc0" class="org.sampletest.DependsOnGroup"/>
        <method signature="DependsOnGroup.tc5()[pri:0, instance:org.sampletest.DependsOnGroup@3e6fa38a]" name="tc5" class="org.sampletest.DependsOnGroup"/>
        <method signature="Rerun.tc0()[pri:0, instance:org.sample.Rerun@47c62251]" name="tc0" class="org.sample.Rerun"/>
        <method signature="Rerun.tc5()[pri:0, instance:org.sample.Rerun@47c62251]" name="tc5" class="org.sample.Rerun"/>
      </group> <!-- @smoke -->
      <group name="smoke">
        <method signature="DependsOnGroup.tc3()[pri:0, instance:org.sampletest.DependsOnGroup@3e6fa38a]" name="tc3" class="org.sampletest.DependsOnGroup"/>
        <method signature="Rerun.tc3()[pri:0, instance:org.sample.Rerun@47c62251]" name="tc3" class="org.sample.Rerun"/>
      </group> <!-- smoke -->
      <group name="@reg">
        <method signature="DependsOnGroup.tc1()[pri:0, instance:org.sampletest.DependsOnGroup@3e6fa38a]" name="tc1" class="org.sampletest.DependsOnGroup"/>
        <method signature="DependsOnGroup.tc2()[pri:0, instance:org.sampletest.DependsOnGroup@3e6fa38a]" name="tc2" class="org.sampletest.DependsOnGroup"/>
        <method signature="Rerun.tc1()[pri:0, instance:org.sample.Rerun@47c62251]" name="tc1" class="org.sample.Rerun"/>
        <method signature="Rerun.tc2()[pri:0, instance:org.sample.Rerun@47c62251]" name="tc2" class="org.sample.Rerun"/>
      </group> <!-- @reg -->
    </groups>
    <test name="Default test" duration-ms="78" started-at="2022-05-19T09:33:30Z" finished-at="2022-05-19T09:33:30Z">
      <class name="org.sample.Rerun">
        <test-method status="PASS" signature="tc0()[pri:0, instance:org.sample.Rerun@47c62251]" name="tc0" duration-ms="12" started-at="2022-05-19T09:33:30Z" finished-at="2022-05-19T09:33:30Z">
          <reporter-output>
          </reporter-output>
        </test-method> <!-- tc0 -->
        <test-method status="PASS" signature="tc3()[pri:0, instance:org.sample.Rerun@47c62251]" name="tc3" duration-ms="2" started-at="2022-05-19T09:33:30Z" finished-at="2022-05-19T09:33:30Z">
          <reporter-output>
          </reporter-output>
        </test-method> <!-- tc3 -->
        <test-method status="PASS" signature="tc5()[pri:0, instance:org.sample.Rerun@47c62251]" name="tc5" duration-ms="1" started-at="2022-05-19T09:33:30Z" finished-at="2022-05-19T09:33:30Z">
          <reporter-output>
          </reporter-output>
        </test-method> <!-- tc5 -->
        <test-method status="PASS" signature="tc1()[pri:0, instance:org.sample.Rerun@47c62251]" name="tc1" duration-ms="1" depends-on-groups="@smoke" started-at="2022-05-19T09:33:30Z" finished-at="2022-05-19T09:33:30Z">
          <reporter-output>
          </reporter-output>
        </test-method> <!-- tc1 -->
        <test-method status="PASS" signature="tc2()[pri:0, instance:org.sample.Rerun@47c62251]" name="tc2" duration-ms="1" depends-on-groups="@smoke" started-at="2022-05-19T09:33:30Z" finished-at="2022-05-19T09:33:30Z">
          <reporter-output>
          </reporter-output>
        </test-method> <!-- tc2 -->
      </class> <!-- org.sample.Rerun -->
      <class name="org.sampletest.DependsOnGroup">
        <test-method status="PASS" signature="tc0()[pri:0, instance:org.sampletest.DependsOnGroup@3e6fa38a]" name="tc0" duration-ms="1" started-at="2022-05-19T09:33:30Z" finished-at="2022-05-19T09:33:30Z">
          <reporter-output>
          </reporter-output>
        </test-method> <!-- tc0 -->
        <test-method status="PASS" signature="tc3()[pri:0, instance:org.sampletest.DependsOnGroup@3e6fa38a]" name="tc3" duration-ms="1" started-at="2022-05-19T09:33:30Z" finished-at="2022-05-19T09:33:30Z">
          <reporter-output>
          </reporter-output>
        </test-method> <!-- tc3 -->
        <test-method status="PASS" signature="tc5()[pri:0, instance:org.sampletest.DependsOnGroup@3e6fa38a]" name="tc5" duration-ms="1" started-at="2022-05-19T09:33:30Z" finished-at="2022-05-19T09:33:30Z">
          <reporter-output>
          </reporter-output>
        </test-method> <!-- tc5 -->
        <test-method status="PASS" signature="tc1()[pri:0, instance:org.sampletest.DependsOnGroup@3e6fa38a]" name="tc1" duration-ms="2" depends-on-groups="@smoke" started-at="2022-05-19T09:33:30Z" finished-at="2022-05-19T09:33:30Z">
          <reporter-output>
          </reporter-output>
        </test-method> <!-- tc1 -->
        <test-method status="PASS" signature="tc2()[pri:0, instance:org.sampletest.DependsOnGroup@3e6fa38a]" name="tc2" duration-ms="1" depends-on-groups="@smoke" started-at="2022-05-19T09:33:30Z" finished-at="2022-05-19T09:33:30Z">
          <reporter-output>
          </reporter-output>
        </test-method> <!-- tc2 -->
      </class> <!-- org.sampletest.DependsOnGroup -->
    </test> <!-- Default test -->
  </suite> <!-- Default suite -->
</testng-results>
